============================= test session starts ==============================
platform linux -- Python 3.12.12, pytest-9.0.2, pluggy-1.6.0
rootdir: /app
plugins: mock-3.15.1, asyncio-1.3.0, anyio-4.12.1
asyncio: mode=Mode.STRICT, debug=False, asyncio_default_fixture_loop_scope=None, asyncio_default_test_loop_scope=function
collected 30 items

tests/unit/core/test_engine.py ...                                       [ 10%]
tests/unit/core/test_security.py EE                                      [ 16%]
tests/unit/core/test_task_manager.py EEE                                 [ 26%]
tests/unit/test_alerts.py F.                                             [ 33%]
tests/unit/test_autonomous.py ...                                        [ 43%]
tests/unit/test_enhanced_features.py .....                               [ 60%]
tests/unit/test_final.py F...                                            [ 73%]
tests/unit/test_self_improvement.py ...                                  [ 83%]
tests/unit/tools/test_system_tools.py ..                                 [ 90%]
tests/test_nexa.py ...                                                   [100%]

==================================== ERRORS ====================================
___________ ERROR at setup of TestSecurityGuardian.test_assess_risk ____________

self = <test_security.TestSecurityGuardian object at 0x7fd8d803e090>

    @pytest.fixture
    def guardian(self):
>       return SecurityGuardian({})
               ^^^^^^^^^^^^^^^^^^^^

tests/unit/core/test_security.py:7:
_ _ _ _ _ _ _ _ _ _ _ _ _ _ _ _ _ _ _ _ _ _ _ _ _ _ _ _ _ _ _ _ _ _ _ _ _ _ _ _
nexa/core/security.py:30: in __init__
    asyncio.create_task(self._immune_system_loop())
_ _ _ _ _ _ _ _ _ _ _ _ _ _ _ _ _ _ _ _ _ _ _ _ _ _ _ _ _ _ _ _ _ _ _ _ _ _ _ _

coro = <coroutine object SecurityGuardian._immune_system_loop at 0x7fd8bb34a110>

    def create_task(coro, *, name=None, context=None):
        """Schedule the execution of a coroutine object in a spawn task.

        Return a Task object.
        """
>       loop = events.get_running_loop()
               ^^^^^^^^^^^^^^^^^^^^^^^^^
E       RuntimeError: no running event loop

/home/jules/.pyenv/versions/3.12.12/lib/python3.12/asyncio/tasks.py:417: RuntimeError
_________ ERROR at setup of TestSecurityGuardian.test_require_approval _________

self = <test_security.TestSecurityGuardian object at 0x7fd8d803d820>

    @pytest.fixture
    def guardian(self):
>       return SecurityGuardian({})
               ^^^^^^^^^^^^^^^^^^^^

tests/unit/core/test_security.py:7:
_ _ _ _ _ _ _ _ _ _ _ _ _ _ _ _ _ _ _ _ _ _ _ _ _ _ _ _ _ _ _ _ _ _ _ _ _ _ _ _
nexa/core/security.py:30: in __init__
    asyncio.create_task(self._immune_system_loop())
_ _ _ _ _ _ _ _ _ _ _ _ _ _ _ _ _ _ _ _ _ _ _ _ _ _ _ _ _ _ _ _ _ _ _ _ _ _ _ _

coro = <coroutine object SecurityGuardian._immune_system_loop at 0x7fd8bb3496c0>

    def create_task(coro, *, name=None, context=None):
        """Schedule the execution of a coroutine object in a spawn task.

        Return a Task object.
        """
>       loop = events.get_running_loop()
               ^^^^^^^^^^^^^^^^^^^^^^^^^
E       RuntimeError: no running event loop

/home/jules/.pyenv/versions/3.12.12/lib/python3.12/asyncio/tasks.py:417: RuntimeError
______________ ERROR at setup of TestTaskManager.test_create_task ______________

self = <test_task_manager.TestTaskManager object at 0x7fd8d803e9f0>

    @pytest.fixture
    def task_manager(self):
>       return TaskManager()
               ^^^^^^^^^^^^^

tests/unit/core/test_task_manager.py:8:
_ _ _ _ _ _ _ _ _ _ _ _ _ _ _ _ _ _ _ _ _ _ _ _ _ _ _ _ _ _ _ _ _ _ _ _ _ _ _ _
nexa/core/task_manager.py:26: in __init__
    self.security_guardian = security_guardian or SecurityGuardian({})
                                                  ^^^^^^^^^^^^^^^^^^^^
nexa/core/security.py:30: in __init__
    asyncio.create_task(self._immune_system_loop())
_ _ _ _ _ _ _ _ _ _ _ _ _ _ _ _ _ _ _ _ _ _ _ _ _ _ _ _ _ _ _ _ _ _ _ _ _ _ _ _

coro = <coroutine object SecurityGuardian._immune_system_loop at 0x7fd8bb34a5c0>

    def create_task(coro, *, name=None, context=None):
        """Schedule the execution of a coroutine object in a spawn task.

        Return a Task object.
        """
>       loop = events.get_running_loop()
               ^^^^^^^^^^^^^^^^^^^^^^^^^
E       RuntimeError: no running event loop

/home/jules/.pyenv/versions/3.12.12/lib/python3.12/asyncio/tasks.py:417: RuntimeError
_____________ ERROR at setup of TestTaskManager.test_process_queue _____________

self = <test_task_manager.TestTaskManager object at 0x7fd8d803ee10>

    @pytest.fixture
    def task_manager(self):
>       return TaskManager()
               ^^^^^^^^^^^^^

tests/unit/core/test_task_manager.py:8:
_ _ _ _ _ _ _ _ _ _ _ _ _ _ _ _ _ _ _ _ _ _ _ _ _ _ _ _ _ _ _ _ _ _ _ _ _ _ _ _
nexa/core/task_manager.py:26: in __init__
    self.security_guardian = security_guardian or SecurityGuardian({})
                                                  ^^^^^^^^^^^^^^^^^^^^
nexa/core/security.py:30: in __init__
    asyncio.create_task(self._immune_system_loop())
_ _ _ _ _ _ _ _ _ _ _ _ _ _ _ _ _ _ _ _ _ _ _ _ _ _ _ _ _ _ _ _ _ _ _ _ _ _ _ _

coro = <coroutine object SecurityGuardian._immune_system_loop at 0x7fd8bba4b100>

    def create_task(coro, *, name=None, context=None):
        """Schedule the execution of a coroutine object in a spawn task.

        Return a Task object.
        """
>       loop = events.get_running_loop()
               ^^^^^^^^^^^^^^^^^^^^^^^^^
E       RuntimeError: no running event loop

/home/jules/.pyenv/versions/3.12.12/lib/python3.12/asyncio/tasks.py:417: RuntimeError
________ ERROR at setup of TestTaskManager.test_execute_task_with_tools ________

self = <test_task_manager.TestTaskManager object at 0x7fd8d803f140>

    @pytest.fixture
    def task_manager(self):
>       return TaskManager()
               ^^^^^^^^^^^^^

tests/unit/core/test_task_manager.py:8:
_ _ _ _ _ _ _ _ _ _ _ _ _ _ _ _ _ _ _ _ _ _ _ _ _ _ _ _ _ _ _ _ _ _ _ _ _ _ _ _
nexa/core/task_manager.py:26: in __init__
    self.security_guardian = security_guardian or SecurityGuardian({})
                                                  ^^^^^^^^^^^^^^^^^^^^
nexa/core/security.py:30: in __init__
    asyncio.create_task(self._immune_system_loop())
_ _ _ _ _ _ _ _ _ _ _ _ _ _ _ _ _ _ _ _ _ _ _ _ _ _ _ _ _ _ _ _ _ _ _ _ _ _ _ _

coro = <coroutine object SecurityGuardian._immune_system_loop at 0x7fd8bb349d50>

    def create_task(coro, *, name=None, context=None):
        """Schedule the execution of a coroutine object in a spawn task.

        Return a Task object.
        """
>       loop = events.get_running_loop()
               ^^^^^^^^^^^^^^^^^^^^^^^^^
E       RuntimeError: no running event loop

/home/jules/.pyenv/versions/3.12.12/lib/python3.12/asyncio/tasks.py:417: RuntimeError
=================================== FAILURES ===================================
_____________________________ test_alert_emission ______________________________

self = <AsyncMock name='mock.execute' id='140568830461040'>

    def assert_called(self):
        """assert that the mock was called at least once
        """
        if self.call_count == 0:
            msg = ("Expected '%s' to have been called." %
                   (self._mock_name or 'mock'))
>           raise AssertionError(msg)
E           AssertionError: Expected 'execute' to have been called.

/home/jules/.pyenv/versions/3.12.12/lib/python3.12/unittest/mock.py:918: AssertionError

During handling of the above exception, another exception occurred:

    @pytest.mark.asyncio
    async def test_alert_emission():
        # Mock communication tool
        from nexa.tools.registry import registry
        mock_tool = AsyncMock()
        mock_tool.execute.return_value = MagicMock(success=True)

        with patch.object(registry, 'get', return_value=mock_tool):
            await alert_manager.emit(
                title="Test Critical Alert",
                message="Something happened",
                severity="critical"
            )

            assert len(alert_manager.history) > 0
            assert alert_manager.history[-1].title == "Test Critical Alert"
>           mock_tool.execute.assert_called()
E           AssertionError: Expected 'execute' to have been called.

tests/unit/test_alerts.py:22: AssertionError
------------------------------ Captured log call -------------------------------
ERROR    nexa.core.alerts:alerts.py:51 Failed to route alert via hub: MessagingHub.broadcast() got an unexpected keyword argument 'platforms'
____________ TestFinalProject.test_engine_startup_with_all_modules _____________

self = <test_final.TestFinalProject object at 0x7fd8d41f6e40>

    @pytest.mark.asyncio
    async def test_engine_startup_with_all_modules(self):
        # This will initialize all modules including PrivacyGuardian and Innovation
>       await engine.start()

tests/unit/test_final.py:12:
_ _ _ _ _ _ _ _ _ _ _ _ _ _ _ _ _ _ _ _ _ _ _ _ _ _ _ _ _ _ _ _ _ _ _ _ _ _ _ _
nexa/core/engine.py:51: in start
    await registry.load_default_tools()
nexa/tools/registry.py:78: in load_default_tools
    from nexa.tools.forensics import ForensicOSINTTool
_ _ _ _ _ _ _ _ _ _ _ _ _ _ _ _ _ _ _ _ _ _ _ _ _ _ _ _ _ _ _ _ _ _ _ _ _ _ _ _ /home/jules/.pyenv/versions/3.12.12/lib/python3.12/site-packages/_pytest/unraisableexception.py:33: RuntimeWarning: coroutine 'SecurityGuardian._immune_system_loop' was never awaited
  gc.collect()
RuntimeWarning: Enable tracemalloc to get the object allocation traceback


    import aiohttp
    import socket
>   import whois
E   ModuleNotFoundError: No module named 'whois'

nexa/tools/forensics.py:3: ModuleNotFoundError
=============================== warnings summary ===============================
nexa/models/base.py:6
  /app/nexa/models/base.py:6: MovedIn20Warning: The ``declarative_base()`` function is now available as sqlalchemy.orm.declarative_base(). (deprecated since: 2.0) (Background on SQLAlchemy 2.0 at: https://sqlalche.me/e/b8d9)
    Base = declarative_base()

tests/unit/test_enhanced_features.py::TestEnhancedFeatures::test_multimedia_tool_resize
  <frozen posixpath>:71: RuntimeWarning: coroutine 'SecurityGuardian._immune_system_loop' was never awaited
  Enable tracemalloc to get traceback where the object was allocated.
  See https://docs.pytest.org/en/stable/how-to/capture-warnings.html#resource-warnings for more info.

-- Docs: https://docs.pytest.org/en/stable/how-to/capture-warnings.html
=========================== short test summary info ============================
FAILED tests/unit/test_alerts.py::test_alert_emission - AssertionError: Expec...
FAILED tests/unit/test_final.py::TestFinalProject::test_engine_startup_with_all_modules
ERROR tests/unit/core/test_security.py::TestSecurityGuardian::test_assess_risk
ERROR tests/unit/core/test_security.py::TestSecurityGuardian::test_require_approval
ERROR tests/unit/core/test_task_manager.py::TestTaskManager::test_create_task
ERROR tests/unit/core/test_task_manager.py::TestTaskManager::test_process_queue
ERROR tests/unit/core/test_task_manager.py::TestTaskManager::test_execute_task_with_tools
============== 2 failed, 23 passed, 2 warnings, 5 errors in 2.07s ==============
